0 info it worked if it ends with ok
1 verbose cli [ '/usr/local/bin/node', '/usr/local/bin/npm', 'run', 'app' ]
2 info using npm@3.10.8
3 info using node@v6.9.1
4 verbose run-script [ 'preapp', 'app', 'postapp' ]
5 info lifecycle continuous-qa-build-api@0.1.0~preapp: continuous-qa-build-api@0.1.0
6 silly lifecycle continuous-qa-build-api@0.1.0~preapp: no script for preapp, continuing
7 info lifecycle continuous-qa-build-api@0.1.0~app: continuous-qa-build-api@0.1.0
8 verbose lifecycle continuous-qa-build-api@0.1.0~app: unsafe-perm in lifecycle true
9 verbose lifecycle continuous-qa-build-api@0.1.0~app: PATH: /usr/local/lib/node_modules/npm/bin/node-gyp-bin:/usr/src/app/node_modules/.bin:/usr/local/lib/node_modules/npm/bin/node-gyp-bin:/usr/src/app/node_modules/.bin:/usr/local/sbin:/usr/local/bin:/usr/sbin:/usr/bin:/sbin:/bin
10 verbose lifecycle continuous-qa-build-api@0.1.0~app: CWD: /usr/src/app
11 silly lifecycle continuous-qa-build-api@0.1.0~app: Args: [ '-c', 'babel-node bin/app.js' ]
12 silly lifecycle continuous-qa-build-api@0.1.0~app: Returned: code: 1  signal: null
13 info lifecycle continuous-qa-build-api@0.1.0~app: Failed to exec app script
14 verbose stack Error: continuous-qa-build-api@0.1.0 app: `babel-node bin/app.js`
14 verbose stack Exit status 1
14 verbose stack     at EventEmitter.<anonymous> (/usr/local/lib/node_modules/npm/lib/utils/lifecycle.js:255:16)
14 verbose stack     at emitTwo (events.js:106:13)
14 verbose stack     at EventEmitter.emit (events.js:191:7)
14 verbose stack     at ChildProcess.<anonymous> (/usr/local/lib/node_modules/npm/lib/utils/spawn.js:40:14)
14 verbose stack     at emitTwo (events.js:106:13)
14 verbose stack     at ChildProcess.emit (events.js:191:7)
14 verbose stack     at maybeClose (internal/child_process.js:877:16)
14 verbose stack     at Process.ChildProcess._handle.onexit (internal/child_process.js:226:5)
15 verbose pkgid continuous-qa-build-api@0.1.0
16 verbose cwd /usr/src/app
17 error Linux 4.4.0-47-generic
18 error argv "/usr/local/bin/node" "/usr/local/bin/npm" "run" "app"
19 error node v6.9.1
20 error npm  v3.10.8
21 error code ELIFECYCLE
22 error continuous-qa-build-api@0.1.0 app: `babel-node bin/app.js`
22 error Exit status 1
23 error Failed at the continuous-qa-build-api@0.1.0 app script 'babel-node bin/app.js'.
23 error Make sure you have the latest version of node.js and npm installed.
23 error If you do, this is most likely a problem with the continuous-qa-build-api package,
23 error not with npm itself.
23 error Tell the author that this fails on your system:
23 error     babel-node bin/app.js
23 error You can get information on how to open an issue for this project with:
23 error     npm bugs continuous-qa-build-api
23 error Or if that isn't available, you can get their info via:
23 error     npm owner ls continuous-qa-build-api
23 error There is likely additional logging output above.
24 verbose exit [ 1, true ]
